<?xml version="1.0" encoding="UTF-8"?>
<testng-results ignored="0" total="1" passed="1" failed="0" skipped="0">
  <reporter-output>
  </reporter-output>
  <suite started-at="2021-01-20T22:36:20Z" name="Default suite" finished-at="2021-01-20T22:36:24Z" duration-ms="3765">
    <groups>
    </groups>
    <test started-at="2021-01-20T22:36:20Z" name="Default test" finished-at="2021-01-20T22:36:24Z" duration-ms="3765">
      <class name="mentimeter.project.mentimeter_case_study.CaseStudy">
        <test-method signature="getBestInteractivePresentation()[pri:0, instance:mentimeter.project.mentimeter_case_study.CaseStudy@5be49b60]" started-at="2021-01-20T22:36:20Z" name="getBestInteractivePresentation" finished-at="2021-01-20T22:36:24Z" duration-ms="3755" status="PASS">
          <reporter-output>
          </reporter-output>
        </test-method> <!-- getBestInteractivePresentation -->
      </class> <!-- mentimeter.project.mentimeter_case_study.CaseStudy -->
    </test> <!-- Default test -->
  </suite> <!-- Default suite -->
</testng-results>
